{
  "RSpec": {
    "coverage": {
      "/home/gayathri.kb/library_management/app/controllers/application_controller.rb": {
        "lines": [
          1,
          null,
          1,
          1,
          null,
          null,
          1,
          null,
          1,
          null,
          1,
          6,
          null,
          6,
          null,
          0,
          null,
          null,
          null,
          1,
          6,
          6,
          null,
          null,
          1,
          0,
          0,
          null,
          null,
          1,
          1,
          null,
          0,
          null,
          1,
          null,
          0,
          null,
          null,
          null,
          1,
          0,
          null,
          null,
          1,
          null,
          1,
          null,
          50,
          50,
          null,
          null,
          39,
          null,
          null,
          null,
          null,
          null,
          39,
          0,
          0,
          null,
          null,
          39,
          39,
          null,
          null,
          null,
          null,
          null,
          null,
          null,
          null,
          null,
          39,
          null,
          null
        ],
        "branches": {
          "[:case, 0, 12, 4, 17, 7]": {
            "[:when, 1, 14, 6, 14, 29]": 6,
            "[:when, 2, 16, 6, 16, 32]": 0,
            "[:else, 3, 12, 4, 17, 7]": 0
          },
          "[:case, 4, 31, 4, 38, 7]": {
            "[:when, 5, 33, 6, 33, 31]": 0,
            "[:when, 6, 35, 6, 35, 15]": 1,
            "[:else, 7, 37, 6, 37, 11]": 0
          },
          "[:unless, 8, 50, 4, 50, 26]": {
            "[:else, 9, 50, 4, 50, 26]": 39,
            "[:then, 10, 50, 4, 50, 14]": 11
          },
          "[:if, 11, 59, 4, 62, 7]": {
            "[:then, 12, 60, 6, 61, 24]": 0,
            "[:else, 13, 59, 4, 62, 7]": 39
          },
          "[:unless, 14, 64, 4, 73, 7]": {
            "[:else, 15, 64, 4, 73, 7]": 0,
            "[:then, 16, 65, 6, 72, 7]": 39
          }
        }
      },
      "/home/gayathri.kb/library_management/app/helpers/application_helper.rb": {
        "lines": [
          1,
          null
        ],
        "branches": {}
      },
      "/home/gayathri.kb/library_management/app/helpers/admin/dashboard_helper.rb": {
        "lines": [
          1,
          null
        ],
        "branches": {}
      },
      "/home/gayathri.kb/library_management/app/helpers/auth_helper.rb": {
        "lines": [
          1,
          null
        ],
        "branches": {}
      },
      "/home/gayathri.kb/library_management/app/helpers/authors_helper.rb": {
        "lines": [
          1,
          null
        ],
        "branches": {}
      },
      "/home/gayathri.kb/library_management/app/helpers/books_helper.rb": {
        "lines": [
          1,
          null
        ],
        "branches": {}
      },
      "/home/gayathri.kb/library_management/app/helpers/borrowings_helper.rb": {
        "lines": [
          1,
          null
        ],
        "branches": {}
      },
      "/home/gayathri.kb/library_management/app/helpers/categories_helper.rb": {
        "lines": [
          1,
          null
        ],
        "branches": {}
      },
      "/home/gayathri.kb/library_management/app/models/member.rb": {
        "lines": [
          1,
          null,
          1,
          1,
          1,
          null,
          1,
          1,
          null,
          1,
          1,
          null,
          1,
          null,
          null,
          1,
          1,
          null,
          null,
          1,
          235,
          null,
          null,
          1,
          233,
          null,
          null,
          null,
          null,
          1,
          83,
          null,
          null,
          1,
          30,
          null,
          null,
          1,
          2,
          2,
          null,
          null,
          1,
          null,
          1,
          445,
          null,
          null,
          1,
          421,
          null,
          null,
          1,
          4,
          2,
          2,
          null,
          null,
          null
        ],
        "branches": {
          "[:if, 0, 46, 4, 46, 55]": {
            "[:then, 1, 46, 4, 46, 37]": 441,
            "[:else, 2, 46, 4, 46, 55]": 4
          },
          "[:if, 3, 54, 4, 57, 7]": {
            "[:then, 4, 55, 6, 56, 18]": 2,
            "[:else, 5, 54, 4, 57, 7]": 2
          }
        }
      },
      "/home/gayathri.kb/library_management/app/models/application_record.rb": {
        "lines": [
          1,
          1,
          null
        ],
        "branches": {}
      },
      "/home/gayathri.kb/library_management/app/models/concerns/authenticatable.rb": {
        "lines": [
          null,
          1,
          1,
          null,
          1,
          2,
          null,
          null,
          null,
          2,
          null,
          null,
          null,
          null,
          2,
          null,
          null,
          null,
          null,
          2,
          null,
          2,
          2,
          null,
          null,
          null,
          2,
          2,
          null,
          null,
          1,
          1,
          1,
          null,
          null,
          1,
          null,
          1,
          0,
          null
        ],
        "branches": {
          "[:if, 0, 39, 4, 39, 55]": {
            "[:then, 1, 39, 4, 39, 37]": 0,
            "[:else, 2, 39, 4, 39, 55]": 0
          }
        }
      },
      "/home/gayathri.kb/library_management/app/helpers/member/dashboard_helper.rb": {
        "lines": [
          1,
          null
        ],
        "branches": {}
      },
      "/home/gayathri.kb/library_management/app/helpers/members_helper.rb": {
        "lines": [
          1,
          null
        ],
        "branches": {}
      },
      "/home/gayathri.kb/library_management/app/helpers/reservations_helper.rb": {
        "lines": [
          1,
          null
        ],
        "branches": {}
      },
      "/home/gayathri.kb/library_management/app/helpers/reviews_helper.rb": {
        "lines": [
          1,
          null
        ],
        "branches": {}
      },
      "/home/gayathri.kb/library_management/app/models/admin_user.rb": {
        "lines": [
          1,
          null,
          null,
          1,
          null,
          1,
          null,
          1,
          null,
          null,
          null,
          null,
          null,
          null,
          1,
          1,
          null,
          null
        ],
        "branches": {}
      },
      "/home/gayathri.kb/library_management/app/models/librarian.rb": {
        "lines": [
          1,
          null,
          null,
          1,
          null,
          1,
          null,
          null,
          null,
          1,
          null,
          null,
          null,
          1,
          25,
          null,
          1,
          null,
          1,
          85,
          null,
          null,
          null,
          null,
          null,
          null
        ],
        "branches": {
          "[:if, 0, 20, 4, 20, 55]": {
            "[:then, 1, 20, 4, 20, 37]": 83,
            "[:else, 2, 20, 4, 20, 55]": 2
          }
        }
      },
      "/home/gayathri.kb/library_management/app/admin/admin_users.rb": {
        "lines": [
          1,
          1,
          null,
          1,
          0,
          0,
          0,
          0,
          0,
          null,
          null,
          1,
          1,
          null,
          1,
          0,
          0,
          0,
          0,
          null,
          0,
          null,
          null,
          null
        ],
        "branches": {}
      },
      "/home/gayathri.kb/library_management/app/admin/authors.rb": {
        "lines": [
          1,
          1,
          1,
          1,
          1,
          2,
          2,
          2,
          2,
          4,
          2,
          2,
          null,
          null,
          1,
          1,
          1,
          null,
          1,
          2,
          2,
          2,
          2,
          null,
          2,
          null,
          null,
          1,
          2,
          2,
          2,
          2,
          2,
          2,
          null,
          2,
          2,
          null,
          null,
          2,
          2,
          2,
          1,
          null,
          2,
          2,
          2,
          2,
          null,
          null,
          null,
          null,
          null
        ],
        "branches": {
          "[:if, 0, 34, 8, 34, 85]": {
            "[:then, 1, 34, 28, 34, 77]": 1,
            "[:else, 2, 34, 80, 34, 85]": 1
          }
        }
      },
      "/home/gayathri.kb/library_management/app/models/author.rb": {
        "lines": [
          1,
          null,
          1,
          1,
          1,
          1,
          1,
          null,
          1,
          null,
          null,
          null,
          null,
          null,
          null,
          1,
          null,
          1,
          null,
          null,
          null,
          1,
          null,
          null,
          5,
          null,
          null,
          1,
          11,
          null,
          1,
          9,
          null,
          null
        ],
        "branches": {}
      },
      "/home/gayathri.kb/library_management/app/admin/books.rb": {
        "lines": [
          1,
          1,
          1,
          null,
          1,
          1,
          2,
          2,
          2,
          2,
          4,
          2,
          2,
          4,
          4,
          2,
          2,
          null,
          1,
          1,
          1,
          1,
          1,
          1,
          2,
          2,
          2,
          2,
          2,
          2,
          2,
          2,
          null,
          2,
          null,
          1,
          1,
          1,
          1,
          1,
          1,
          1,
          2,
          2,
          1,
          1,
          1,
          null,
          null,
          null,
          null,
          2,
          2,
          1,
          1,
          null,
          1,
          1,
          1,
          1,
          null,
          1,
          1,
          1,
          1,
          null,
          null,
          1,
          1,
          1,
          1,
          null,
          1,
          1,
          1,
          1,
          null,
          null,
          null
        ],
        "branches": {}
      },
      "/home/gayathri.kb/library_management/app/models/book.rb": {
        "lines": [
          1,
          1,
          null,
          91,
          null,
          null,
          null,
          null,
          null,
          null,
          null,
          null,
          1,
          null,
          56,
          null,
          null,
          null,
          null,
          null,
          null,
          null,
          null,
          null,
          1,
          1,
          null,
          1,
          1,
          null,
          1,
          1,
          null,
          1,
          1,
          null,
          1,
          null,
          null,
          1,
          1,
          1,
          null,
          1,
          null,
          null,
          1,
          1,
          1,
          null,
          null,
          5,
          3,
          1,
          1,
          1,
          10,
          null,
          1,
          9,
          null,
          null,
          null,
          1,
          228,
          null,
          null,
          1,
          226,
          null,
          null,
          1,
          3,
          null,
          null,
          null,
          1,
          null,
          151,
          null,
          151,
          57,
          null,
          94,
          null,
          null,
          null,
          151,
          null,
          null,
          1,
          null,
          1,
          491,
          null,
          null,
          1,
          479,
          null,
          null,
          1,
          491,
          3,
          null,
          null,
          null,
          1,
          5,
          1,
          1,
          null,
          null,
          null,
          null
        ],
        "branches": {
          "[:if, 0, 57, 4, 57, 86]": {
            "[:then, 1, 57, 4, 57, 69]": 3,
            "[:else, 2, 57, 4, 57, 86]": 7
          },
          "[:if, 3, 60, 4, 60, 85]": {
            "[:then, 4, 60, 4, 60, 61]": 2,
            "[:else, 5, 60, 4, 60, 85]": 7
          },
          "[:if, 6, 69, 4, 69, 47]": {
            "[:then, 7, 69, 4, 69, 33]": 225,
            "[:else, 8, 69, 4, 69, 47]": 1
          },
          "[:if, 9, 73, 4, 73, 68]": {
            "[:then, 10, 73, 4, 73, 33]": 2,
            "[:else, 11, 73, 4, 73, 68]": 1
          },
          "[:if, 12, 81, 17, 85, 20]": {
            "[:then, 13, 82, 19, 82, 63]": 57,
            "[:else, 14, 84, 19, 84, 22]": 94
          },
          "[:if, 15, 94, 16, 94, 70]": {
            "[:then, 16, 94, 32, 94, 64]": 488,
            "[:else, 17, 94, 67, 94, 70]": 3
          },
          "[:if, 18, 102, 4, 104, 7]": {
            "[:then, 19, 103, 6, 103, 65]": 3,
            "[:else, 20, 102, 4, 104, 7]": 488
          },
          "[:if, 21, 108, 2, 111, 5]": {
            "[:then, 22, 109, 4, 110, 16]": 1,
            "[:else, 23, 108, 2, 111, 5]": 4
          }
        }
      },
      "/home/gayathri.kb/library_management/app/admin/borrowings.rb": {
        "lines": [
          1,
          1,
          null,
          1,
          1,
          1,
          1,
          1,
          null,
          1,
          1,
          8,
          null,
          null,
          null,
          1,
          6,
          6,
          null,
          16,
          16,
          6,
          6,
          6,
          null,
          6,
          10,
          null,
          null,
          6,
          10,
          3,
          null,
          7,
          null,
          null,
          null,
          6,
          null,
          null,
          null,
          7,
          7,
          1,
          1,
          1,
          7,
          7,
          null,
          null,
          1,
          0,
          null,
          0,
          0,
          null,
          0,
          null,
          0,
          null,
          null,
          0,
          null,
          null,
          null,
          null,
          null,
          0,
          0,
          0,
          null,
          0,
          null,
          0,
          null,
          0,
          null,
          0,
          null,
          null,
          0,
          null,
          null,
          1,
          1,
          null,
          null,
          null,
          null,
          null,
          1,
          1,
          null,
          1,
          1,
          null,
          null,
          null,
          1,
          null,
          null,
          1,
          null,
          null,
          null
        ],
        "branches": {
          "[:if, 0, 31, 6, 35, 9]": {
            "[:then, 1, 32, 8, 32, 40]": 3,
            "[:else, 2, 34, 8, 34, 36]": 7
          }
        }
      },
      "/home/gayathri.kb/library_management/app/models/borrowing.rb": {
        "lines": [
          1,
          1,
          1,
          1,
          null,
          null,
          1,
          null,
          1,
          199,
          null,
          null,
          1,
          121,
          null,
          null,
          1,
          null,
          1,
          null,
          1,
          1,
          1,
          1,
          1,
          null,
          null,
          1,
          1,
          1,
          1,
          null,
          null,
          253,
          11,
          1,
          7,
          null,
          null,
          1,
          257,
          null,
          null,
          null,
          null,
          null,
          1,
          1,
          3,
          null,
          1,
          11,
          null,
          9,
          9,
          8,
          null,
          null,
          8,
          null,
          1,
          1,
          null,
          null,
          null,
          1,
          81,
          null,
          77,
          77,
          null,
          21,
          null,
          null,
          1,
          24,
          null,
          null,
          1,
          27,
          null,
          null,
          1,
          24,
          null,
          null,
          null,
          null,
          null,
          null,
          1,
          null,
          1,
          235,
          235,
          null,
          null,
          1,
          null,
          235,
          234,
          null,
          233,
          1,
          232,
          1,
          null,
          null,
          null,
          1,
          235,
          null,
          234,
          null,
          3,
          null,
          3,
          2,
          null,
          null,
          null,
          1,
          247,
          247,
          null,
          null,
          1,
          224,
          null,
          null,
          1,
          1,
          null,
          null,
          1,
          11,
          null,
          null,
          1,
          11,
          11,
          null,
          1,
          1,
          null,
          null,
          1,
          247,
          null,
          206,
          49,
          null,
          null
        ],
        "branches": {
          "[:if, 0, 52, 4, 52, 23]": {
            "[:then, 1, 52, 4, 52, 10]": 2,
            "[:else, 2, 52, 4, 52, 23]": 9
          },
          "[:if, 3, 67, 4, 67, 38]": {
            "[:then, 4, 67, 4, 67, 12]": 4,
            "[:else, 5, 67, 4, 67, 38]": 77
          },
          "[:if, 6, 70, 4, 70, 33]": {
            "[:then, 7, 70, 4, 70, 12]": 56,
            "[:else, 8, 70, 4, 70, 33]": 21
          },
          "[:if, 9, 100, 4, 100, 34]": {
            "[:then, 10, 100, 4, 100, 10]": 1,
            "[:else, 11, 100, 4, 100, 34]": 234
          },
          "[:unless, 12, 101, 4, 101, 24]": {
            "[:else, 13, 101, 4, 101, 24]": 233,
            "[:then, 14, 101, 4, 101, 10]": 1
          },
          "[:if, 15, 103, 4, 107, 7]": {
            "[:then, 16, 104, 6, 104, 51]": 1,
            "[:else, 17, 105, 4, 107, 7]": 232
          },
          "[:if, 18, 105, 4, 107, 7]": {
            "[:then, 19, 106, 6, 106, 50]": 1,
            "[:else, 20, 105, 4, 107, 7]": 231
          },
          "[:unless, 21, 111, 4, 111, 22]": {
            "[:else, 22, 111, 4, 111, 22]": 234,
            "[:then, 23, 111, 4, 111, 10]": 1
          },
          "[:if, 24, 113, 4, 113, 44]": {
            "[:then, 25, 113, 4, 113, 10]": 231,
            "[:else, 26, 113, 4, 113, 44]": 3
          },
          "[:unless, 27, 117, 4, 119, 7]": {
            "[:else, 28, 117, 4, 119, 7]": 1,
            "[:then, 29, 118, 6, 118, 48]": 2
          },
          "[:if, 30, 123, 4, 123, 53]": {
            "[:then, 31, 123, 4, 123, 10]": 0,
            "[:else, 32, 123, 4, 123, 53]": 247
          },
          "[:if, 33, 124, 4, 124, 85]": {
            "[:then, 34, 124, 4, 124, 56]": 1,
            "[:else, 35, 124, 4, 124, 85]": 246
          },
          "[:unless, 36, 141, 4, 141, 29]": {
            "[:else, 37, 141, 4, 141, 29]": 1,
            "[:then, 38, 141, 4, 141, 10]": 10
          },
          "[:if, 39, 148, 4, 148, 60]": {
            "[:then, 40, 148, 4, 148, 10]": 41,
            "[:else, 41, 148, 4, 148, 60]": 206
          },
          "[:if, 42, 150, 4, 152, 7]": {
            "[:then, 43, 151, 6, 151, 28]": 49,
            "[:else, 44, 150, 4, 152, 7]": 157
          }
        }
      },
      "/home/gayathri.kb/library_management/app/admin/categories.rb": {
        "lines": [
          1,
          1,
          1,
          1,
          0,
          null,
          null,
          1,
          0,
          0,
          0,
          0,
          0,
          null,
          0,
          0,
          null,
          1,
          1,
          null,
          1,
          0,
          0,
          null,
          0,
          null
        ],
        "branches": {}
      },
      "/home/gayathri.kb/library_management/app/models/category.rb": {
        "lines": [
          1,
          1,
          null,
          1,
          null,
          null,
          null,
          null,
          null,
          1,
          1,
          1,
          null,
          1,
          null,
          1,
          1,
          null,
          1,
          8,
          null,
          1,
          6,
          null,
          null,
          1,
          1,
          120,
          114,
          null,
          null
        ],
        "branches": {
          "[:if, 0, 28, 4, 28, 25]": {
            "[:then, 1, 28, 4, 28, 10]": 6,
            "[:else, 2, 28, 4, 28, 25]": 114
          }
        }
      },
      "/home/gayathri.kb/library_management/app/admin/dashboard.rb": {
        "lines": [
          null,
          1,
          29,
          null,
          1,
          0,
          0,
          0,
          0,
          null,
          null,
          null,
          null,
          null,
          null,
          null,
          null,
          null,
          null,
          null,
          null,
          null,
          null,
          null,
          null,
          null,
          null,
          null,
          null,
          null,
          null,
          null,
          null
        ],
        "branches": {}
      },
      "/home/gayathri.kb/library_management/app/admin/librarians.rb": {
        "lines": [
          1,
          1,
          null,
          1,
          2,
          2,
          2,
          2,
          2,
          4,
          2,
          2,
          null,
          null,
          1,
          1,
          1,
          null,
          1,
          2,
          2,
          2,
          2,
          null,
          null,
          2,
          2,
          2,
          null,
          null,
          2,
          null,
          null,
          1,
          1,
          1,
          1,
          1,
          1,
          null,
          null,
          1,
          1,
          3,
          3,
          1,
          1,
          1,
          2,
          2,
          null,
          2,
          null,
          null,
          null,
          null,
          null,
          null,
          null
        ],
        "branches": {
          "[:if, 0, 52, 17, 52, 53]": {
            "[:then, 1, 52, 39, 52, 46]": 1,
            "[:else, 2, 52, 49, 52, 53]": 1
          }
        }
      },
      "/home/gayathri.kb/library_management/app/admin/members.rb": {
        "lines": [
          1,
          1,
          null,
          null,
          1,
          1,
          1,
          7,
          null,
          null,
          null,
          null,
          null,
          null,
          null,
          null,
          null,
          1,
          2,
          2,
          2,
          2,
          2,
          2,
          null,
          2,
          2,
          null,
          null,
          2,
          2,
          null,
          null,
          1,
          1,
          1,
          null,
          1,
          null,
          null,
          2,
          null,
          1,
          null,
          1,
          2,
          2,
          2,
          2,
          2,
          2,
          null,
          2,
          null,
          null,
          null,
          2,
          null,
          null,
          null,
          null,
          null,
          null,
          2,
          2,
          2,
          null,
          null,
          2,
          null,
          null,
          1,
          1,
          1,
          1,
          1,
          1,
          1,
          null,
          1,
          1,
          null,
          null,
          1,
          1,
          null,
          null,
          1,
          1,
          null,
          null,
          1,
          1,
          2,
          1,
          1,
          1,
          1,
          null,
          null,
          null,
          1,
          1,
          2,
          1,
          1,
          null,
          null,
          null,
          null
        ],
        "branches": {
          "[:if, 0, 81, 8, 81, 88]": {
            "[:then, 1, 81, 8, 81, 67]": 1,
            "[:else, 2, 81, 8, 81, 88]": 0
          }
        }
      },
      "/home/gayathri.kb/library_management/app/admin/reviews.rb": {
        "lines": [
          null,
          1,
          1,
          1,
          1,
          null,
          1,
          1,
          1,
          null,
          1,
          0,
          0,
          null,
          0,
          0,
          0,
          null,
          null,
          0,
          null,
          null,
          null,
          0,
          0,
          null,
          0,
          0,
          0,
          null,
          0,
          null,
          0,
          null,
          null,
          null,
          0,
          0,
          null,
          null,
          0,
          0,
          null,
          null,
          0,
          0,
          null,
          null,
          1,
          1,
          1,
          1,
          null,
          1,
          null,
          null,
          0,
          null,
          null,
          1,
          0,
          0,
          null,
          null,
          null
        ],
        "branches": {
          "[:if, 0, 16, 6, 21, 9]": {
            "[:then, 1, 17, 8, 18, 41]": 0,
            "[:else, 2, 20, 8, 20, 36]": 0
          },
          "[:if, 3, 25, 6, 34, 9]": {
            "[:then, 4, 26, 8, 31, 50]": 0,
            "[:else, 5, 33, 8, 33, 38]": 0
          },
          "[:if, 6, 27, 10, 29, 38]": {
            "[:then, 7, 27, 50, 27, 73]": 0,
            "[:else, 8, 28, 10, 29, 38]": 0
          },
          "[:if, 9, 28, 10, 29, 38]": {
            "[:then, 10, 28, 50, 28, 72]": 0,
            "[:else, 11, 29, 10, 29, 38]": 0
          },
          "[:if, 12, 55, 4, 57, 45]": {
            "[:then, 13, 55, 4, 57, 24]": 0,
            "[:else, 14, 55, 4, 57, 45]": 0
          }
        }
      },
      "/home/gayathri.kb/library_management/app/models/review.rb": {
        "lines": [
          1,
          1,
          1,
          1,
          1,
          null,
          1,
          1,
          null,
          1,
          null,
          1,
          1,
          null,
          1,
          null,
          null,
          null,
          null,
          null,
          1,
          1,
          1,
          null,
          2,
          2,
          1,
          1,
          null,
          null,
          1,
          3,
          null,
          null,
          1,
          null,
          1,
          182,
          null,
          null,
          1,
          167,
          null,
          null,
          1,
          169,
          null,
          null
        ],
        "branches": {
          "[:if, 0, 38, 4, 38, 52]": {
            "[:then, 1, 38, 4, 38, 32]": 181,
            "[:else, 2, 38, 4, 38, 52]": 1
          },
          "[:if, 3, 46, 4, 46, 88]": {
            "[:then, 4, 46, 4, 46, 37]": 152,
            "[:else, 5, 46, 4, 46, 88]": 17
          }
        }
      },
      "/home/gayathri.kb/library_management/app/admin/tags.rb": {
        "lines": [
          1,
          1,
          null,
          1,
          1,
          0,
          null,
          null,
          null,
          1,
          0,
          0,
          0,
          0,
          0,
          null,
          0,
          0,
          null,
          null,
          1,
          1,
          null,
          1,
          0,
          0,
          null,
          0,
          null,
          null
        ],
        "branches": {}
      },
      "/home/gayathri.kb/library_management/app/models/tag.rb": {
        "lines": [
          1,
          1,
          1,
          1,
          null,
          null,
          1,
          null,
          1,
          2,
          null,
          null
        ],
        "branches": {}
      },
      "/home/gayathri.kb/library_management/app/mailers/reservation_mailer.rb": {
        "lines": [
          1,
          1,
          3,
          3,
          3,
          null,
          3,
          null
        ],
        "branches": {}
      },
      "/home/gayathri.kb/library_management/app/mailers/application_mailer.rb": {
        "lines": [
          1,
          1,
          1,
          null
        ],
        "branches": {}
      },
      "/home/gayathri.kb/library_management/app/models/book_author.rb": {
        "lines": [
          1,
          1,
          null,
          19,
          null,
          null,
          null,
          null,
          null,
          null,
          null,
          1,
          1,
          null,
          1,
          1,
          null
        ],
        "branches": {}
      },
      "/home/gayathri.kb/library_management/app/models/book_category.rb": {
        "lines": [
          1,
          1,
          null,
          19,
          null,
          null,
          null,
          null,
          null,
          null,
          null,
          1,
          1,
          null,
          1,
          1,
          1,
          null
        ],
        "branches": {}
      },
      "/home/gayathri.kb/library_management/app/models/member_category.rb": {
        "lines": [
          1,
          1,
          19,
          null,
          null,
          1,
          1,
          null,
          1,
          1,
          null
        ],
        "branches": {}
      },
      "/home/gayathri.kb/library_management/app/models/reservation.rb": {
        "lines": [
          1,
          1,
          1,
          null,
          1,
          null,
          null,
          1,
          1,
          1,
          null,
          1,
          null,
          1,
          1,
          null,
          1,
          8,
          null,
          7,
          7,
          null,
          7,
          2,
          2,
          null,
          null,
          null,
          5,
          null,
          null,
          null,
          null,
          null,
          null,
          null,
          4,
          null,
          null,
          4,
          null,
          4,
          4,
          null,
          null,
          1,
          1,
          null,
          null,
          1,
          9,
          null,
          7,
          6,
          6,
          null,
          1,
          1,
          null,
          null,
          1,
          14,
          null,
          null,
          null,
          null,
          null,
          null,
          1,
          null,
          1,
          127,
          127,
          null,
          null,
          1,
          48,
          46,
          1,
          null,
          null,
          null,
          1,
          127,
          123,
          3,
          null,
          null,
          null,
          1,
          117,
          null,
          null
        ],
        "branches": {
          "[:unless, 0, 18, 4, 18, 32]": {
            "[:else, 1, 18, 4, 18, 32]": 7,
            "[:then, 2, 18, 4, 18, 16]": 1
          },
          "[:if, 3, 23, 6, 26, 9]": {
            "[:then, 4, 24, 8, 25, 36]": 2,
            "[:else, 5, 23, 6, 26, 9]": 5
          },
          "[:unless, 6, 51, 4, 51, 32]": {
            "[:else, 7, 51, 4, 51, 32]": 7,
            "[:then, 8, 51, 4, 51, 16]": 2
          },
          "[:\"&.\", 9, 63, 20, 63, 36]": {
            "[:then, 10, 63, 20, 63, 36]": 14,
            "[:else, 11, 63, 20, 63, 36]": 0
          },
          "[:\"&.\", 12, 64, 18, 64, 29]": {
            "[:then, 13, 64, 18, 64, 29]": 14,
            "[:else, 14, 64, 18, 64, 29]": 0
          },
          "[:\"&.\", 15, 65, 19, 65, 31]": {
            "[:then, 16, 65, 19, 65, 31]": 14,
            "[:else, 17, 65, 19, 65, 31]": 0
          },
          "[:unless, 18, 77, 4, 77, 22]": {
            "[:else, 19, 77, 4, 77, 22]": 46,
            "[:then, 20, 77, 4, 77, 10]": 2
          },
          "[:if, 21, 78, 4, 80, 7]": {
            "[:then, 22, 79, 6, 79, 84]": 1,
            "[:else, 23, 78, 4, 80, 7]": 45
          },
          "[:unless, 24, 84, 4, 84, 32]": {
            "[:else, 25, 84, 4, 84, 32]": 123,
            "[:then, 26, 84, 4, 84, 10]": 4
          },
          "[:if, 27, 85, 4, 87, 7]": {
            "[:then, 28, 86, 6, 86, 79]": 3,
            "[:else, 29, 85, 4, 87, 7]": 120
          }
        }
      },
      "/home/gayathri.kb/library_management/app/controllers/api/v1/authors_controller.rb": {
        "lines": [
          1,
          1,
          1,
          1,
          1,
          1,
          null,
          1,
          2,
          null,
          2,
          1,
          1,
          null,
          null,
          2,
          null,
          2,
          null,
          null,
          null,
          null,
          null,
          1,
          3,
          null,
          3,
          1,
          2,
          1,
          null,
          null,
          1,
          null,
          null,
          3,
          null,
          null,
          null,
          null,
          null,
          null,
          1,
          2,
          null,
          2,
          1,
          null,
          1,
          null,
          null,
          null,
          1,
          2,
          1,
          null,
          1,
          null,
          null,
          null,
          1,
          2,
          1,
          null,
          1,
          null,
          null,
          null,
          null,
          null,
          1,
          null,
          1,
          8,
          null,
          1,
          null,
          null,
          1,
          4,
          null,
          null,
          null,
          null
        ],
        "branches": {
          "[:if, 0, 11, 8, 14, 11]": {
            "[:then, 1, 12, 10, 13, 80]": 1,
            "[:else, 2, 11, 8, 14, 11]": 1
          },
          "[:if, 3, 27, 8, 34, 11]": {
            "[:then, 4, 28, 10, 28, 34]": 1,
            "[:else, 5, 29, 8, 34, 11]": 2
          },
          "[:if, 6, 29, 8, 34, 11]": {
            "[:then, 7, 30, 10, 31, 84]": 1,
            "[:else, 8, 33, 10, 33, 43]": 1
          },
          "[:if, 9, 46, 8, 50, 11]": {
            "[:then, 10, 47, 10, 47, 48]": 1,
            "[:else, 11, 49, 10, 49, 95]": 1
          },
          "[:if, 12, 54, 8, 58, 11]": {
            "[:then, 13, 55, 10, 55, 30]": 1,
            "[:else, 14, 57, 10, 57, 95]": 1
          },
          "[:if, 15, 62, 8, 68, 11]": {
            "[:then, 16, 63, 10, 63, 26]": 1,
            "[:else, 17, 65, 10, 67, 43]": 1
          }
        }
      },
      "/home/gayathri.kb/library_management/app/controllers/api/v1/base_controller.rb": {
        "lines": [
          null,
          1,
          1,
          1,
          1,
          1,
          null,
          null,
          1,
          null,
          1,
          1,
          1,
          0,
          null,
          null,
          1,
          null,
          null,
          1,
          56,
          28,
          null,
          26,
          26,
          null,
          26,
          26,
          null,
          0,
          null,
          null,
          null,
          1,
          36,
          36,
          null,
          null,
          1,
          20,
          20,
          null,
          null,
          1,
          21,
          null,
          null,
          1,
          20,
          null,
          null,
          null,
          1,
          5,
          0,
          null,
          null,
          null,
          1,
          4,
          1,
          null,
          null,
          null,
          1,
          0,
          null,
          null,
          1,
          0,
          null,
          null,
          1,
          0,
          null,
          null,
          1,
          7,
          null,
          null,
          1,
          null,
          7,
          null,
          null,
          null,
          null,
          null,
          null,
          null,
          null
        ],
        "branches": {
          "[:if, 0, 21, 8, 21, 75]": {
            "[:then, 1, 21, 8, 21, 38]": 28,
            "[:else, 2, 21, 8, 21, 75]": 28
          },
          "[:unless, 3, 22, 8, 22, 68]": {
            "[:else, 4, 22, 8, 22, 68]": 26,
            "[:then, 5, 22, 8, 22, 44]": 2
          },
          "[:if, 6, 27, 34, 31, 11]": {
            "[:then, 7, 28, 10, 28, 60]": 26,
            "[:else, 8, 30, 10, 30, 77]": 0
          },
          "[:if, 9, 36, 8, 36, 38]": {
            "[:then, 10, 36, 8, 36, 13]": 32,
            "[:else, 11, 36, 8, 36, 38]": 4
          },
          "[:if, 12, 41, 8, 41, 41]": {
            "[:then, 13, 41, 8, 41, 13]": 7,
            "[:else, 14, 41, 8, 41, 41]": 13
          },
          "[:unless, 15, 54, 8, 56, 11]": {
            "[:else, 16, 54, 8, 56, 11]": 5,
            "[:then, 17, 55, 10, 55, 78]": 0
          },
          "[:unless, 18, 60, 8, 62, 11]": {
            "[:else, 19, 60, 8, 62, 11]": 3,
            "[:then, 20, 61, 10, 61, 81]": 1
          }
        }
      },
      "/home/gayathri.kb/library_management/app/controllers/api/v1/books_controller.rb": {
        "lines": [
          1,
          1,
          1,
          1,
          null,
          1,
          null,
          1,
          1,
          null,
          1,
          4,
          null,
          null,
          null,
          4,
          null,
          4,
          null,
          4,
          null,
          null,
          null,
          null,
          null,
          1,
          3,
          null,
          3,
          1,
          2,
          1,
          null,
          null,
          1,
          null,
          null,
          3,
          null,
          null,
          null,
          null,
          null,
          1,
          5,
          5,
          5,
          null,
          5,
          null,
          5,
          2,
          2,
          null,
          null,
          5,
          2,
          2,
          null,
          null,
          5,
          4,
          null,
          1,
          null,
          null,
          null,
          1,
          5,
          5,
          5,
          null,
          5,
          4,
          2,
          2,
          null,
          null,
          4,
          3,
          3,
          null,
          null,
          4,
          null,
          1,
          null,
          null,
          1,
          2,
          1,
          null,
          null,
          null,
          null,
          1,
          null,
          null,
          null,
          null,
          1,
          2,
          null,
          2,
          1,
          null,
          null,
          null,
          null,
          null,
          1,
          null,
          null,
          null,
          1,
          2,
          null,
          2,
          1,
          null,
          null,
          null,
          null,
          1,
          null,
          null,
          null,
          1,
          null,
          1,
          15,
          null,
          1,
          null,
          null,
          1,
          20,
          null,
          7,
          5,
          2,
          1,
          null,
          1,
          null,
          null,
          null,
          1,
          10,
          null,
          null,
          null,
          null,
          null,
          null,
          null,
          null,
          null,
          null
        ],
        "branches": {
          "[:if, 0, 16, 8, 16, 75]": {
            "[:then, 1, 16, 8, 16, 43]": 1,
            "[:else, 2, 16, 8, 16, 75]": 3
          },
          "[:if, 3, 29, 8, 36, 11]": {
            "[:then, 4, 30, 10, 30, 34]": 1,
            "[:else, 5, 31, 8, 36, 11]": 2
          },
          "[:if, 6, 31, 8, 36, 11]": {
            "[:then, 7, 32, 10, 33, 84]": 1,
            "[:else, 8, 35, 10, 35, 43]": 1
          },
          "[:if, 9, 61, 8, 65, 11]": {
            "[:then, 10, 62, 10, 62, 46]": 4,
            "[:else, 11, 64, 10, 64, 93]": 1
          },
          "[:if, 12, 73, 8, 87, 11]": {
            "[:then, 13, 74, 10, 84, 35]": 4,
            "[:else, 14, 86, 10, 86, 93]": 1
          },
          "[:unless, 15, 76, 12, 76, 75]": {
            "[:else, 16, 76, 12, 76, 75]": 1,
            "[:then, 17, 76, 12, 76, 35]": 1
          },
          "[:unless, 18, 81, 12, 81, 85]": {
            "[:else, 19, 81, 12, 81, 85]": 1,
            "[:then, 20, 81, 12, 81, 40]": 2
          },
          "[:if, 21, 90, 8, 97, 11]": {
            "[:then, 22, 91, 10, 94, 24]": 1,
            "[:else, 23, 96, 10, 96, 93]": 1
          },
          "[:if, 24, 104, 8, 112, 11]": {
            "[:then, 25, 105, 10, 109, 24]": 1,
            "[:else, 26, 111, 10, 111, 97]": 1
          },
          "[:if, 27, 118, 8, 125, 11]": {
            "[:then, 28, 119, 10, 122, 24]": 1,
            "[:else, 29, 124, 10, 124, 99]": 1
          },
          "[:if, 30, 137, 8, 137, 33]": {
            "[:then, 31, 137, 8, 137, 17]": 13,
            "[:else, 32, 137, 8, 137, 33]": 7
          },
          "[:if, 33, 139, 8, 145, 11]": {
            "[:then, 34, 140, 10, 140, 56]": 5,
            "[:else, 35, 141, 8, 145, 11]": 2
          },
          "[:if, 36, 141, 8, 145, 11]": {
            "[:then, 37, 142, 10, 142, 45]": 1,
            "[:else, 38, 144, 10, 144, 12]": 1
          }
        }
      },
      "/home/gayathri.kb/library_management/app/controllers/api/v1/borrowings_controller.rb": {
        "lines": [
          1,
          1,
          1,
          1,
          null,
          1,
          4,
          2,
          1,
          1,
          2,
          2,
          null,
          0,
          null,
          null,
          4,
          null,
          4,
          1,
          1,
          0,
          0,
          null,
          null,
          null,
          4,
          null,
          null,
          null,
          null,
          null,
          null,
          null,
          null,
          1,
          1,
          null,
          null,
          null,
          null,
          null,
          null,
          null,
          null,
          1,
          3,
          1,
          null,
          2,
          2,
          2,
          null,
          2,
          null,
          null,
          null,
          2,
          0,
          null,
          null,
          null,
          null,
          null,
          null,
          null,
          null,
          null,
          2,
          null,
          0,
          null,
          null,
          null,
          1,
          null,
          1,
          5,
          0,
          5,
          5,
          null,
          0,
          null,
          null,
          1,
          null,
          null,
          null,
          null
        ],
        "branches": {
          "[:if, 0, 7, 21, 15, 11]": {
            "[:then, 1, 8, 10, 10, 25]": 2,
            "[:else, 2, 11, 8, 15, 11]": 2
          },
          "[:if, 3, 8, 10, 10, 25]": {
            "[:then, 4, 9, 12, 9, 58]": 1,
            "[:else, 5, 10, 12, 10, 25]": 1
          },
          "[:if, 6, 11, 8, 15, 11]": {
            "[:then, 7, 12, 10, 12, 35]": 2,
            "[:else, 8, 14, 10, 14, 85]": 0
          },
          "[:if, 9, 19, 8, 25, 11]": {
            "[:then, 10, 20, 10, 24, 13]": 1,
            "[:else, 11, 19, 8, 25, 11]": 3
          },
          "[:case, 12, 20, 10, 24, 13]": {
            "[:when, 13, 21, 31, 21, 79]": 1,
            "[:when, 14, 22, 31, 22, 78]": 0,
            "[:when, 15, 23, 31, 23, 79]": 0,
            "[:else, 16, 20, 10, 24, 13]": 0
          },
          "[:if, 17, 47, 8, 49, 11]": {
            "[:then, 18, 48, 10, 48, 96]": 1,
            "[:else, 19, 47, 8, 49, 11]": 2
          },
          "[:if, 20, 52, 8, 72, 11]": {
            "[:then, 21, 53, 11, 69, 49]": 2,
            "[:else, 22, 71, 10, 71, 89]": 0
          },
          "[:if, 23, 58, 10, 67, 13]": {
            "[:then, 24, 59, 12, 66, 13]": 0,
            "[:else, 25, 58, 10, 67, 13]": 2
          },
          "[:if, 26, 78, 8, 84, 11]": {
            "[:then, 27, 79, 10, 79, 50]": 0,
            "[:else, 28, 80, 8, 84, 11]": 5
          },
          "[:if, 29, 80, 8, 84, 11]": {
            "[:then, 30, 81, 10, 81, 66]": 5,
            "[:else, 31, 83, 10, 83, 44]": 0
          }
        }
      },
      "/home/gayathri.kb/library_management/app/controllers/api/v1/categories_controller.rb": {
        "lines": [
          1,
          1,
          1,
          1,
          1,
          1,
          null,
          1,
          1,
          1,
          null,
          1,
          null,
          null,
          null,
          null,
          null,
          1,
          1,
          null,
          1,
          null,
          null,
          null,
          null,
          null,
          1,
          2,
          null,
          2,
          1,
          null,
          1,
          null,
          null,
          null,
          1,
          2,
          1,
          null,
          1,
          null,
          null,
          null,
          1,
          2,
          1,
          null,
          1,
          null,
          null,
          null,
          1,
          null,
          1,
          6,
          null,
          1,
          null,
          null,
          1,
          4,
          null,
          null,
          null,
          null
        ],
        "branches": {
          "[:if, 0, 30, 8, 34, 11]": {
            "[:then, 1, 31, 10, 31, 49]": 1,
            "[:else, 2, 33, 10, 33, 96]": 1
          },
          "[:if, 3, 38, 8, 42, 11]": {
            "[:then, 4, 39, 10, 39, 32]": 1,
            "[:else, 5, 41, 10, 41, 97]": 1
          },
          "[:if, 6, 46, 8, 50, 11]": {
            "[:then, 7, 47, 10, 47, 26]": 1,
            "[:else, 8, 49, 10, 49, 97]": 1
          }
        }
      },
      "/home/gayathri.kb/library_management/app/controllers/api/v1/librarians/dashboard_controller.rb": {
        "lines": [
          1,
          1,
          1,
          1,
          1,
          null,
          1,
          5,
          null,
          null,
          null,
          null,
          null,
          null,
          null,
          null,
          null,
          null,
          null,
          null,
          null,
          null,
          null,
          1,
          null,
          1,
          5,
          null,
          null,
          null,
          null,
          5,
          null,
          null,
          null,
          null,
          null,
          null,
          null,
          null,
          1,
          5,
          null,
          null,
          null,
          null,
          null,
          5,
          null,
          null,
          null,
          null,
          null,
          null,
          null,
          null,
          null,
          null,
          null,
          1,
          5,
          null,
          null,
          null,
          null,
          10,
          null,
          null,
          null,
          null,
          null,
          null,
          null,
          null,
          1,
          5,
          null,
          null,
          null,
          null,
          5,
          null,
          null,
          null,
          null,
          null,
          null,
          null,
          null,
          null
        ],
        "branches": {}
      },
      "/home/gayathri.kb/library_management/app/controllers/api/v1/librarians/reservations_controller.rb": {
        "lines": [
          1,
          1,
          1,
          1,
          1,
          1,
          null,
          1,
          2,
          null,
          null,
          null,
          2,
          null,
          null,
          null,
          null,
          null,
          null,
          null,
          1,
          3,
          1,
          null,
          null,
          null,
          null,
          null,
          null,
          null,
          null,
          null,
          2,
          2,
          2,
          null,
          2,
          null,
          null,
          null,
          null,
          null,
          1,
          3,
          1,
          null,
          null,
          null,
          null,
          null,
          null,
          null,
          null,
          null,
          2,
          2,
          2,
          null,
          2,
          null,
          null,
          null,
          null,
          null,
          1,
          null,
          1,
          7,
          null,
          1,
          null,
          null,
          null,
          null,
          null
        ],
        "branches": {
          "[:if, 0, 22, 10, 40, 13]": {
            "[:then, 1, 23, 12, 31, 13]": 1,
            "[:else, 2, 33, 12, 39, 45]": 2
          },
          "[:if, 3, 34, 12, 34, 89]": {
            "[:then, 4, 34, 12, 34, 64]": 1,
            "[:else, 5, 34, 12, 34, 89]": 1
          },
          "[:if, 6, 44, 10, 62, 13]": {
            "[:then, 7, 45, 12, 53, 13]": 1,
            "[:else, 8, 55, 12, 61, 45]": 2
          },
          "[:if, 9, 56, 12, 56, 88]": {
            "[:then, 10, 56, 12, 56, 63]": 2,
            "[:else, 11, 56, 12, 56, 88]": 0
          }
        }
      },
      "/home/gayathri.kb/library_management/app/controllers/api/v1/librarians/reviews_controller.rb": {
        "lines": [
          1,
          1,
          1,
          1,
          1,
          1,
          null,
          1,
          1,
          null,
          null,
          1,
          null,
          null,
          1,
          1,
          null,
          null,
          1,
          2,
          1,
          null,
          null,
          null,
          null,
          1,
          null,
          null,
          null,
          null,
          null,
          1,
          null,
          1,
          4,
          null,
          1,
          null,
          null,
          null,
          null,
          null
        ],
        "branches": {
          "[:if, 0, 20, 10, 29, 13]": {
            "[:then, 1, 21, 12, 24, 26]": 1,
            "[:else, 2, 26, 12, 28, 45]": 1
          }
        }
      },
      "/home/gayathri.kb/library_management/app/controllers/api/v1/member/dashboard_controller.rb": {
        "lines": [
          1,
          1,
          1,
          1,
          1,
          null,
          1,
          4,
          null,
          null,
          null,
          null,
          4,
          null,
          null,
          null,
          null,
          4,
          null,
          null,
          null,
          null,
          4,
          null,
          null,
          null,
          null,
          null,
          null,
          null,
          null,
          null,
          4,
          null,
          null,
          null,
          null,
          null,
          null,
          null,
          null,
          null,
          null,
          null,
          null,
          null,
          null
        ],
        "branches": {}
      },
      "/home/gayathri.kb/library_management/app/controllers/api/v1/members_controller.rb": {
        "lines": [
          1,
          1,
          1,
          1,
          1,
          null,
          null,
          1,
          2,
          null,
          null,
          null,
          1,
          2,
          1,
          null,
          null,
          null,
          1,
          null,
          null,
          null,
          null,
          null,
          null,
          1,
          null,
          null,
          null,
          1,
          3,
          2,
          null,
          null,
          null,
          null,
          1,
          null,
          null,
          null,
          null,
          null,
          1,
          null,
          1,
          10,
          null,
          1,
          null,
          null,
          1,
          9,
          null,
          6,
          6,
          null,
          null,
          2,
          null,
          null,
          1,
          3,
          null,
          null,
          null,
          null,
          null,
          null,
          null,
          null,
          null
        ],
        "branches": {
          "[:unless, 0, 14, 8, 16, 11]": {
            "[:else, 1, 14, 8, 16, 11]": 1,
            "[:then, 2, 15, 10, 15, 77]": 1
          },
          "[:if, 3, 31, 8, 40, 11]": {
            "[:then, 4, 32, 10, 35, 11]": 2,
            "[:else, 5, 37, 10, 39, 43]": 1
          },
          "[:if, 6, 52, 8, 52, 38]": {
            "[:then, 7, 52, 8, 52, 14]": 3,
            "[:else, 8, 52, 8, 52, 38]": 6
          },
          "[:if, 9, 54, 8, 56, 11]": {
            "[:then, 10, 55, 10, 55, 45]": 6,
            "[:else, 11, 54, 8, 56, 11]": 0
          },
          "[:if, 12, 55, 10, 55, 45]": {
            "[:then, 13, 55, 10, 55, 16]": 4,
            "[:else, 14, 55, 10, 55, 45]": 2
          }
        }
      },
      "/home/gayathri.kb/library_management/app/controllers/api/v1/reservations_controller.rb": {
        "lines": [
          1,
          1,
          1,
          1,
          1,
          null,
          1,
          1,
          1,
          null,
          null,
          1,
          1,
          null,
          null,
          null,
          null,
          null,
          null,
          null,
          1,
          2,
          null,
          2,
          1,
          null,
          1,
          null,
          null,
          null,
          1,
          3,
          1,
          null,
          null,
          null,
          null,
          null,
          2,
          1,
          null,
          null,
          null,
          null,
          1,
          null,
          null,
          null,
          null,
          null,
          1,
          null,
          1,
          6,
          null,
          2,
          null,
          null,
          1,
          2,
          null,
          null,
          null,
          null
        ],
        "branches": {
          "[:if, 0, 24, 8, 28, 11]": {
            "[:then, 1, 25, 10, 25, 52]": 1,
            "[:else, 2, 27, 10, 27, 99]": 1
          },
          "[:if, 3, 32, 8, 37, 11]": {
            "[:then, 4, 33, 10, 36, 11]": 1,
            "[:else, 5, 32, 8, 37, 11]": 2
          },
          "[:if, 6, 39, 8, 48, 11]": {
            "[:then, 7, 40, 10, 43, 11]": 1,
            "[:else, 8, 45, 10, 47, 43]": 1
          }
        }
      },
      "/home/gayathri.kb/library_management/app/controllers/api/v1/reviews_controller.rb": {
        "lines": [
          1,
          1,
          1,
          1,
          1,
          1,
          1,
          null,
          1,
          3,
          3,
          3,
          null,
          3,
          2,
          null,
          null,
          null,
          null,
          1,
          null,
          null,
          null,
          1,
          4,
          1,
          null,
          null,
          3,
          2,
          null,
          1,
          null,
          null,
          null,
          1,
          3,
          1,
          null,
          null,
          2,
          2,
          null,
          null,
          1,
          2,
          1,
          null,
          null,
          null,
          null,
          1,
          null,
          null,
          null,
          1,
          3,
          1,
          null,
          null,
          2,
          1,
          null,
          1,
          null,
          null,
          null,
          1,
          null,
          1,
          5,
          4,
          1,
          1,
          null,
          null,
          4,
          1,
          null,
          null,
          1,
          null,
          null,
          1,
          13,
          null,
          1,
          null,
          null,
          1,
          6,
          null,
          null,
          null,
          null
        ],
        "branches": {
          "[:if, 0, 14, 8, 21, 11]": {
            "[:then, 1, 15, 10, 18, 29]": 2,
            "[:else, 2, 20, 10, 20, 94]": 1
          },
          "[:unless, 3, 25, 8, 27, 11]": {
            "[:else, 4, 25, 8, 27, 11]": 3,
            "[:then, 5, 26, 10, 26, 77]": 1
          },
          "[:if, 6, 29, 8, 33, 11]": {
            "[:then, 7, 30, 10, 30, 82]": 2,
            "[:else, 8, 32, 10, 32, 95]": 1
          },
          "[:unless, 9, 37, 8, 39, 11]": {
            "[:else, 10, 37, 8, 39, 11]": 2,
            "[:then, 11, 38, 10, 38, 77]": 1
          },
          "[:if, 12, 46, 8, 53, 11]": {
            "[:then, 13, 47, 10, 50, 24]": 1,
            "[:else, 14, 52, 10, 52, 95]": 1
          },
          "[:if, 15, 57, 8, 59, 11]": {
            "[:then, 16, 58, 10, 58, 101]": 1,
            "[:else, 17, 57, 8, 59, 11]": 2
          },
          "[:if, 18, 61, 8, 65, 11]": {
            "[:then, 19, 62, 10, 62, 70]": 1,
            "[:else, 20, 64, 10, 64, 95]": 1
          },
          "[:if, 21, 71, 22, 75, 11]": {
            "[:then, 22, 72, 10, 72, 37]": 4,
            "[:else, 23, 73, 8, 75, 11]": 1
          },
          "[:if, 24, 73, 8, 75, 11]": {
            "[:then, 25, 74, 10, 74, 41]": 1,
            "[:else, 26, 73, 8, 75, 11]": 0
          },
          "[:unless, 27, 77, 8, 79, 11]": {
            "[:else, 28, 77, 8, 79, 11]": 3,
            "[:then, 29, 78, 10, 78, 76]": 1
          }
        }
      },
      "/home/gayathri.kb/library_management/app/controllers/authors_controller.rb": {
        "lines": [
          1,
          1,
          1,
          null,
          1,
          null,
          2,
          1,
          null,
          1,
          null,
          null,
          null,
          1,
          3,
          null,
          null,
          3,
          1,
          null,
          null,
          null,
          2,
          1,
          null,
          null,
          null,
          null,
          null,
          null,
          null,
          null,
          null,
          1,
          null,
          null,
          null,
          null,
          null,
          3,
          null,
          null,
          null,
          1,
          1,
          null,
          null,
          1,
          2,
          2,
          1,
          1,
          null,
          1,
          null,
          null,
          null,
          1,
          null,
          null,
          1,
          2,
          1,
          1,
          null,
          1,
          null,
          null,
          null,
          1,
          2,
          null,
          1,
          null,
          1,
          null,
          null,
          1,
          null,
          1,
          9,
          null,
          null,
          1,
          4,
          null,
          null
        ],
        "branches": {
          "[:if, 0, 7, 6, 11, 9]": {
            "[:then, 1, 8, 8, 8, 59]": 1,
            "[:else, 2, 10, 8, 10, 27]": 1
          },
          "[:if, 3, 18, 4, 38, 7]": {
            "[:then, 4, 19, 6, 21, 38]": 1,
            "[:else, 5, 23, 4, 38, 7]": 2
          },
          "[:if, 6, 23, 4, 38, 7]": {
            "[:then, 7, 24, 6, 31, 38]": 1,
            "[:else, 8, 34, 6, 37, 38]": 1
          },
          "[:if, 9, 50, 4, 55, 7]": {
            "[:then, 10, 51, 6, 52, 38]": 1,
            "[:else, 11, 54, 6, 54, 49]": 1
          },
          "[:if, 12, 62, 4, 67, 7]": {
            "[:then, 13, 63, 6, 64, 38]": 1,
            "[:else, 14, 66, 6, 66, 50]": 1
          },
          "[:if, 15, 71, 2, 76, 5]": {
            "[:then, 16, 73, 4, 73, 20]": 1,
            "[:else, 17, 75, 4, 75, 89]": 1
          }
        }
      },
      "/home/gayathri.kb/library_management/app/controllers/books_controller.rb": {
        "lines": [
          1,
          1,
          null,
          null,
          1,
          null,
          null,
          1,
          null,
          1,
          4,
          null,
          null,
          4,
          4,
          null,
          null,
          1,
          8,
          null,
          8,
          null,
          5,
          null,
          null,
          null,
          null,
          null,
          8,
          2,
          null,
          null,
          8,
          8,
          null,
          null,
          null,
          1,
          0,
          null,
          null,
          1,
          2,
          2,
          1,
          null,
          1,
          1,
          null,
          null,
          null,
          1,
          null,
          1,
          2,
          1,
          null,
          1,
          1,
          null,
          null,
          null,
          1,
          1,
          1,
          null,
          0,
          null,
          null,
          null,
          1,
          1,
          1,
          1,
          null,
          null,
          0,
          null,
          null,
          null,
          1,
          1,
          1,
          1,
          null,
          null,
          0,
          null,
          null,
          null,
          1,
          null,
          1,
          16,
          null,
          1,
          null,
          null,
          1,
          4,
          null,
          null,
          null,
          null,
          null,
          null
        ],
        "branches": {
          "[:if, 0, 14, 4, 14, 61]": {
            "[:then, 1, 14, 4, 14, 29]": 1,
            "[:else, 2, 14, 4, 14, 61]": 3
          },
          "[:if, 3, 21, 2, 27, 5]": {
            "[:then, 4, 22, 4, 26, 31]": 5,
            "[:else, 5, 21, 2, 27, 5]": 3
          },
          "[:if, 6, 29, 2, 31, 5]": {
            "[:then, 7, 30, 4, 30, 48]": 2,
            "[:else, 8, 29, 2, 31, 5]": 6
          },
          "[:if, 9, 44, 4, 49, 7]": {
            "[:then, 10, 45, 6, 45, 60]": 1,
            "[:else, 11, 47, 6, 48, 49]": 1
          },
          "[:if, 12, 55, 4, 60, 7]": {
            "[:then, 13, 56, 6, 56, 60]": 1,
            "[:else, 14, 58, 6, 59, 50]": 1
          },
          "[:if, 15, 64, 4, 68, 7]": {
            "[:then, 16, 65, 6, 65, 65]": 1,
            "[:else, 17, 67, 6, 67, 69]": 0
          },
          "[:if, 18, 73, 4, 78, 7]": {
            "[:then, 19, 74, 6, 75, 87]": 1,
            "[:else, 20, 77, 6, 77, 73]": 0
          },
          "[:if, 21, 83, 4, 88, 7]": {
            "[:then, 22, 84, 6, 85, 93]": 1,
            "[:else, 23, 87, 6, 87, 75]": 0
          }
        }
      },
      "/home/gayathri.kb/library_management/app/controllers/borrowings_controller.rb": {
        "lines": [
          1,
          null,
          1,
          1,
          null,
          1,
          5,
          2,
          1,
          1,
          null,
          1,
          null,
          null,
          3,
          null,
          null,
          5,
          null,
          1,
          null,
          0,
          null,
          1,
          null,
          null,
          null,
          1,
          null,
          null,
          1,
          3,
          2,
          null,
          1,
          null,
          null,
          3,
          null,
          null,
          1,
          null,
          1,
          13,
          1,
          null,
          null,
          1,
          7,
          2,
          null,
          5,
          null,
          null,
          null
        ],
        "branches": {
          "[:if, 0, 7, 2, 16, 5]": {
            "[:then, 1, 8, 4, 13, 7]": 2,
            "[:else, 2, 15, 4, 15, 84]": 3
          },
          "[:if, 3, 8, 4, 13, 7]": {
            "[:then, 4, 9, 6, 10, 79]": 1,
            "[:else, 5, 12, 6, 12, 79]": 1
          },
          "[:case, 6, 18, 2, 25, 5]": {
            "[:when, 7, 20, 4, 20, 36]": 1,
            "[:when, 8, 22, 4, 22, 37]": 0,
            "[:when, 9, 24, 4, 24, 38]": 1,
            "[:else, 10, 18, 2, 25, 5]": 3
          },
          "[:if, 11, 32, 4, 36, 7]": {
            "[:then, 12, 33, 6, 33, 51]": 2,
            "[:else, 13, 35, 6, 35, 45]": 1
          },
          "[:if, 14, 44, 4, 44, 55]": {
            "[:then, 15, 44, 4, 44, 10]": 12,
            "[:else, 16, 44, 4, 44, 55]": 1
          },
          "[:if, 17, 49, 4, 53, 7]": {
            "[:then, 18, 50, 6, 50, 46]": 2,
            "[:else, 19, 52, 6, 52, 62]": 5
          }
        }
      },
      "/home/gayathri.kb/library_management/app/controllers/categories_controller.rb": {
        "lines": [
          1,
          null,
          1,
          1,
          null,
          null,
          1,
          2,
          null,
          null,
          null,
          1,
          1,
          null,
          null,
          null,
          1,
          1,
          null,
          null,
          null,
          1,
          2,
          2,
          1,
          null,
          1,
          null,
          null,
          null,
          null,
          1,
          null,
          null,
          null,
          1,
          2,
          1,
          null,
          1,
          null,
          null,
          null,
          null,
          1,
          1,
          1,
          null,
          null,
          1,
          null,
          1,
          5,
          null,
          null,
          1,
          4,
          null,
          null
        ],
        "branches": {
          "[:if, 0, 24, 4, 28, 7]": {
            "[:then, 1, 25, 6, 25, 74]": 1,
            "[:else, 2, 27, 6, 27, 49]": 1
          },
          "[:if, 3, 37, 4, 41, 7]": {
            "[:then, 4, 38, 6, 38, 74]": 1,
            "[:else, 5, 40, 6, 40, 50]": 1
          }
        }
      },
      "/home/gayathri.kb/library_management/app/controllers/librarians/dashboard_controller.rb": {
        "lines": [
          1,
          1,
          null,
          1,
          null,
          1,
          1,
          null,
          null,
          1,
          1,
          null,
          1,
          null,
          null,
          null,
          null,
          null,
          1,
          null,
          1,
          null,
          null,
          null,
          null,
          null,
          1,
          null,
          1,
          null,
          null,
          null,
          null,
          null,
          null,
          null,
          1,
          null,
          null,
          null,
          null,
          null,
          null
        ],
        "branches": {}
      },
      "/home/gayathri.kb/library_management/app/controllers/librarians/reservations_controller.rb": {
        "lines": [
          1,
          1,
          1,
          1,
          null,
          1,
          1,
          null,
          null,
          null,
          1,
          1,
          1,
          null,
          null,
          null,
          1,
          2,
          2,
          2,
          null,
          2,
          null,
          2,
          2,
          1,
          1,
          null,
          null,
          null,
          null,
          null,
          null,
          null,
          3,
          null,
          null,
          null,
          1,
          2,
          null,
          2,
          2,
          1,
          null,
          null,
          null,
          null,
          null,
          null,
          null,
          3,
          null,
          null,
          null,
          1,
          null,
          1,
          4,
          null
        ],
        "branches": {}
      },
      "/home/gayathri.kb/library_management/app/controllers/librarians/reviews_controller.rb": {
        "lines": [
          1,
          1,
          1,
          null,
          1,
          1,
          null,
          null,
          null,
          null,
          1,
          2,
          1,
          null,
          1,
          null,
          2,
          null,
          null,
          null,
          1,
          null,
          null,
          null,
          1,
          null,
          1,
          3,
          null,
          null
        ],
        "branches": {
          "[:if, 0, 12, 4, 16, 7]": {
            "[:then, 1, 13, 6, 13, 54]": 1,
            "[:else, 2, 15, 6, 15, 93]": 1
          }
        }
      },
      "/home/gayathri.kb/library_management/app/controllers/member/dashboard_controller.rb": {
        "lines": [
          null,
          1,
          1,
          null,
          1,
          1,
          1,
          1,
          1,
          null,
          null
        ],
        "branches": {}
      },
      "/home/gayathri.kb/library_management/app/controllers/members/passwords_controller.rb": {
        "lines": [
          null,
          null,
          1,
          null,
          1,
          3,
          null,
          2,
          null,
          null,
          2,
          null,
          null,
          1,
          null,
          null,
          1,
          3,
          null,
          null
        ],
        "branches": {}
      },
      "/home/gayathri.kb/library_management/app/controllers/members/registrations_controller.rb": {
        "lines": [
          null,
          null,
          1,
          1,
          3,
          null,
          3,
          3,
          2,
          1,
          1,
          1,
          null,
          1,
          1,
          1,
          null,
          null,
          1,
          1,
          null,
          null,
          1,
          1,
          null,
          null,
          null,
          null
        ],
        "branches": {
          "[:if, 0, 8, 4, 26, 7]": {
            "[:then, 1, 9, 6, 17, 9]": 2,
            "[:else, 2, 19, 6, 24, 47]": 1
          },
          "[:if, 3, 9, 6, 17, 9]": {
            "[:then, 4, 10, 8, 12, 73]": 1,
            "[:else, 5, 14, 8, 16, 82]": 1
          }
        }
      },
      "/home/gayathri.kb/library_management/app/controllers/members_controller.rb": {
        "lines": [
          1,
          1,
          1,
          1,
          null,
          1,
          null,
          null,
          1,
          null,
          null,
          1,
          3,
          2,
          null,
          1,
          null,
          null,
          null,
          1,
          null,
          1,
          11,
          1,
          null,
          null,
          1,
          10,
          10,
          null,
          null,
          1,
          9,
          null,
          6,
          6,
          null,
          null,
          2,
          null,
          null,
          1,
          3,
          null,
          null,
          null,
          null,
          null,
          null,
          null
        ],
        "branches": {
          "[:if, 0, 13, 4, 17, 7]": {
            "[:then, 1, 14, 6, 14, 78]": 2,
            "[:else, 2, 16, 6, 16, 50]": 1
          },
          "[:if, 3, 23, 4, 23, 55]": {
            "[:then, 4, 23, 4, 23, 10]": 10,
            "[:else, 5, 23, 4, 23, 55]": 1
          },
          "[:unless, 6, 29, 2, 29, 65]": {
            "[:else, 7, 29, 2, 29, 65]": 9,
            "[:then, 8, 29, 2, 29, 50]": 1
          },
          "[:if, 9, 33, 4, 33, 34]": {
            "[:then, 10, 33, 4, 33, 10]": 3,
            "[:else, 11, 33, 4, 33, 34]": 6
          },
          "[:if, 12, 35, 4, 37, 7]": {
            "[:then, 13, 36, 6, 36, 41]": 6,
            "[:else, 14, 35, 4, 37, 7]": 0
          },
          "[:if, 15, 36, 6, 36, 41]": {
            "[:then, 16, 36, 6, 36, 12]": 4,
            "[:else, 17, 36, 6, 36, 41]": 2
          }
        }
      },
      "/home/gayathri.kb/library_management/app/controllers/reservations_controller.rb": {
        "lines": [
          1,
          1,
          1,
          1,
          null,
          1,
          1,
          null,
          null,
          null,
          null,
          null,
          1,
          null,
          null,
          1,
          1,
          1,
          null,
          null,
          1,
          null,
          1,
          4,
          null,
          null,
          1,
          4,
          null,
          2,
          null,
          null,
          null
        ],
        "branches": {
          "[:if, 0, 28, 4, 28, 51]": {
            "[:then, 1, 28, 4, 28, 10]": 2,
            "[:else, 2, 28, 4, 28, 51]": 2
          }
        }
      },
      "/home/gayathri.kb/library_management/app/controllers/reviews_controller.rb": {
        "lines": [
          1,
          1,
          1,
          null,
          null,
          1,
          1,
          null,
          null,
          1,
          1,
          null,
          1,
          1,
          1,
          1,
          null,
          1,
          1,
          null,
          0,
          null,
          null,
          null,
          1,
          null,
          1,
          2,
          2,
          null,
          0,
          null,
          null,
          null,
          1,
          2,
          2,
          2,
          null,
          null,
          1,
          1,
          1,
          null,
          null,
          1,
          1,
          1,
          null,
          null,
          1,
          null,
          1,
          9,
          0,
          null,
          null,
          null,
          null,
          1,
          6,
          4,
          null,
          2,
          null,
          null,
          null,
          1,
          2,
          1,
          null,
          null,
          null,
          1,
          null,
          2,
          2,
          0,
          0,
          null,
          0,
          null,
          null,
          0,
          null,
          null,
          1,
          9,
          null,
          0,
          null,
          null,
          1,
          3,
          null,
          null
        ],
        "branches": {
          "[:if, 0, 18, 4, 22, 7]": {
            "[:then, 1, 19, 6, 19, 77]": 1,
            "[:else, 2, 21, 6, 21, 78]": 0
          },
          "[:if, 3, 28, 4, 32, 7]": {
            "[:then, 4, 29, 6, 29, 75]": 2,
            "[:else, 5, 31, 6, 31, 50]": 0
          },
          "[:unless, 6, 54, 4, 56, 7]": {
            "[:else, 7, 54, 4, 56, 7]": 9,
            "[:then, 8, 55, 6, 55, 83]": 0
          },
          "[:if, 9, 61, 4, 61, 34]": {
            "[:then, 10, 61, 4, 61, 10]": 2,
            "[:else, 11, 61, 4, 61, 34]": 4
          },
          "[:if, 12, 62, 4, 62, 69]": {
            "[:then, 13, 62, 4, 62, 10]": 2,
            "[:else, 14, 62, 4, 62, 69]": 2
          },
          "[:unless, 15, 69, 4, 71, 7]": {
            "[:else, 16, 69, 4, 71, 7]": 1,
            "[:then, 17, 70, 6, 70, 82]": 1
          },
          "[:if, 18, 76, 6, 82, 9]": {
            "[:then, 19, 77, 8, 77, 35]": 2,
            "[:else, 20, 78, 6, 82, 9]": 0
          },
          "[:if, 21, 78, 6, 82, 9]": {
            "[:then, 22, 79, 8, 79, 39]": 0,
            "[:else, 23, 81, 8, 81, 42]": 0
          }
        }
      },
      "/home/gayathri.kb/library_management/app/channels/application_cable/channel.rb": {
        "lines": [
          0,
          0,
          0,
          0
        ],
        "branches": {}
      },
      "/home/gayathri.kb/library_management/app/channels/application_cable/connection.rb": {
        "lines": [
          0,
          0,
          0,
          0
        ],
        "branches": {}
      },
      "/home/gayathri.kb/library_management/app/controllers/api/v1/client_actions_controller.rb": {
        "lines": [
          0,
          0,
          0,
          null,
          null,
          0,
          null,
          null,
          0,
          0,
          0,
          0,
          0,
          0,
          0,
          0,
          null,
          0,
          null,
          0,
          0,
          0,
          0,
          0,
          0,
          0,
          0
        ],
        "branches": {}
      },
      "/home/gayathri.kb/library_management/app/controllers/auth_controller.rb": {
        "lines": [
          0,
          0,
          0,
          0
        ],
        "branches": {}
      },
      "/home/gayathri.kb/library_management/app/controllers/librarians/confirmations_controller.rb": {
        "lines": [
          null,
          null,
          0,
          null,
          null,
          null,
          null,
          null,
          null,
          null,
          null,
          null,
          null,
          null,
          null,
          null,
          null,
          null,
          null,
          null,
          null,
          null,
          null,
          null,
          null,
          null,
          null,
          null,
          null,
          0
        ],
        "branches": {}
      },
      "/home/gayathri.kb/library_management/app/controllers/librarians/omniauth_callbacks_controller.rb": {
        "lines": [
          null,
          null,
          0,
          null,
          null,
          null,
          null,
          null,
          null,
          null,
          null,
          null,
          null,
          null,
          null,
          null,
          null,
          null,
          null,
          null,
          null,
          null,
          null,
          null,
          null,
          null,
          null,
          null,
          null,
          0
        ],
        "branches": {}
      },
      "/home/gayathri.kb/library_management/app/controllers/librarians/passwords_controller.rb": {
        "lines": [
          null,
          null,
          0,
          null,
          null,
          null,
          null,
          null,
          null,
          null,
          null,
          null,
          null,
          null,
          null,
          null,
          null,
          null,
          null,
          null,
          null,
          null,
          null,
          null,
          null,
          null,
          null,
          null,
          null,
          null,
          null,
          null,
          null,
          0
        ],
        "branches": {}
      },
      "/home/gayathri.kb/library_management/app/controllers/librarians/sessions_controller.rb": {
        "lines": [
          null,
          null,
          0,
          null,
          null,
          null,
          null,
          null,
          null,
          null,
          null,
          null,
          null,
          null,
          null,
          null,
          null,
          null,
          null,
          null,
          null,
          null,
          null,
          null,
          null,
          null,
          0
        ],
        "branches": {}
      },
      "/home/gayathri.kb/library_management/app/controllers/librarians/unlocks_controller.rb": {
        "lines": [
          null,
          null,
          0,
          null,
          null,
          null,
          null,
          null,
          null,
          null,
          null,
          null,
          null,
          null,
          null,
          null,
          null,
          null,
          null,
          null,
          null,
          null,
          null,
          null,
          null,
          null,
          null,
          null,
          null,
          0
        ],
        "branches": {}
      },
      "/home/gayathri.kb/library_management/app/controllers/members/confirmations_controller.rb": {
        "lines": [
          null,
          null,
          0,
          null,
          null,
          null,
          null,
          null,
          null,
          null,
          null,
          null,
          null,
          null,
          null,
          null,
          null,
          null,
          null,
          null,
          null,
          null,
          null,
          null,
          null,
          null,
          null,
          null,
          null,
          0
        ],
        "branches": {}
      },
      "/home/gayathri.kb/library_management/app/controllers/members/omniauth_callbacks_controller.rb": {
        "lines": [
          null,
          null,
          0,
          null,
          null,
          null,
          null,
          null,
          null,
          null,
          null,
          null,
          null,
          null,
          null,
          null,
          null,
          null,
          null,
          null,
          null,
          null,
          null,
          null,
          null,
          null,
          null,
          null,
          null,
          0
        ],
        "branches": {}
      },
      "/home/gayathri.kb/library_management/app/controllers/members/sessions_controller.rb": {
        "lines": [
          null,
          null,
          0,
          null,
          null,
          null,
          null,
          null,
          null,
          null,
          null,
          null,
          null,
          null,
          null,
          null,
          null,
          null,
          null,
          null,
          null,
          null,
          null,
          null,
          null,
          null,
          0
        ],
        "branches": {}
      },
      "/home/gayathri.kb/library_management/app/controllers/members/unlocks_controller.rb": {
        "lines": [
          null,
          null,
          0,
          null,
          null,
          null,
          null,
          null,
          null,
          null,
          null,
          null,
          null,
          null,
          null,
          null,
          null,
          null,
          null,
          null,
          null,
          null,
          null,
          null,
          null,
          null,
          null,
          null,
          null,
          0
        ],
        "branches": {}
      },
      "/home/gayathri.kb/library_management/app/jobs/application_job.rb": {
        "lines": [
          0,
          null,
          null,
          null,
          null,
          null,
          0
        ],
        "branches": {}
      }
    },
    "timestamp": 1769060748
  }
}
